<?xml version="1.0" encoding="UTF-8"?>
<!-- Generated by org.testng.reporters.JUnitXMLReporter -->
<testsuite ignored="0" hostname="XIPL9913" failures="0" tests="4" name="Test" time="42.051" errors="0" timestamp="2022-08-23T13:04:18 IST">
  <testcase classname="testing_Practices.LoginTest" name="WebLoginPersonalLoan" time="10.384"/>
  <testcase classname="testing_Practices.LoginTest" name="MobileLoginPersonalLoan" time="6.11"/>
  <testcase classname="testing_Practices.HomePage" name="WebLoginPersonalLoan" time="10.434"/>
  <testcase classname="testing_Practices.HomePage" name="MobileLoginPersonalLoan" time="6.298"/>
</testsuite> <!-- Test -->
