<?xml version="1.0" encoding="UTF-8"?>
<!-- Generated by org.testng.reporters.JUnitXMLReporter -->
<testsuite ignored="0" hostname="XIPL9913" failures="0" tests="4" name="Test" time="38.069" errors="0" timestamp="2022-08-23T13:05:17 IST">
  <testcase classname="testing_Practices.LoginTest" name="WebLoginPersonalLoan" time="8.793"/>
  <testcase classname="testing_Practices.LoginTest" name="MobileLoginPersonalLoan" time="4.944"/>
  <testcase classname="testing_Practices.HomePage" name="WebLoginPersonalLoan" time="10.443"/>
  <testcase classname="testing_Practices.HomePage" name="MobileLoginPersonalLoan" time="5.449"/>
</testsuite> <!-- Test -->
