<?xml version="1.0" encoding="UTF-8"?>
<testng-results ignored="0" total="4" passed="4" failed="0" skipped="0">
  <reporter-output>
  </reporter-output>
  <suite started-at="2022-08-23T13:04:39 IST" name="Suite" finished-at="2022-08-23T13:05:17 IST" duration-ms="38069">
    <groups>
    </groups>
    <test started-at="2022-08-23T13:04:39 IST" name="Test" finished-at="2022-08-23T13:05:17 IST" duration-ms="38069">
      <class name="testing_Practices.HomePage">
        <test-method is-config="true" signature="setUp()[pri:0, instance:testing_Practices.HomePage@672872e1]" started-at="2022-08-23T13:04:58 IST" name="setUp" finished-at="2022-08-23T13:04:59 IST" duration-ms="1287" status="PASS">
          <reporter-output>
          </reporter-output>
        </test-method> <!-- setUp -->
        <test-method signature="WebLoginPersonalLoan()[pri:1, instance:testing_Practices.HomePage@672872e1]" started-at="2022-08-23T13:04:59 IST" name="WebLoginPersonalLoan" description="Open The testing page-HomePage" finished-at="2022-08-23T13:05:09 IST" duration-ms="10443" status="PASS">
          <reporter-output>
          </reporter-output>
        </test-method> <!-- WebLoginPersonalLoan -->
        <test-method is-config="true" signature="tearDown()[pri:0, instance:testing_Practices.HomePage@672872e1]" started-at="2022-08-23T13:05:09 IST" name="tearDown" finished-at="2022-08-23T13:05:10 IST" duration-ms="596" status="PASS">
          <reporter-output>
          </reporter-output>
        </test-method> <!-- tearDown -->
        <test-method is-config="true" signature="setUp()[pri:0, instance:testing_Practices.HomePage@672872e1]" started-at="2022-08-23T13:05:10 IST" name="setUp" finished-at="2022-08-23T13:05:11 IST" duration-ms="1245" status="PASS">
          <reporter-output>
          </reporter-output>
        </test-method> <!-- setUp -->
        <test-method signature="MobileLoginPersonalLoan()[pri:2, instance:testing_Practices.HomePage@672872e1]" started-at="2022-08-23T13:05:11 IST" name="MobileLoginPersonalLoan" description="Open the google Page-HomePage" finished-at="2022-08-23T13:05:17 IST" duration-ms="5449" status="PASS">
          <reporter-output>
          </reporter-output>
        </test-method> <!-- MobileLoginPersonalLoan -->
        <test-method is-config="true" signature="tearDown()[pri:0, instance:testing_Practices.HomePage@672872e1]" started-at="2022-08-23T13:05:17 IST" name="tearDown" finished-at="2022-08-23T13:05:17 IST" duration-ms="625" status="PASS">
          <reporter-output>
          </reporter-output>
        </test-method> <!-- tearDown -->
      </class> <!-- testing_Practices.HomePage -->
      <class name="testing_Practices.LoginTest">
        <test-method is-config="true" signature="setUp()[pri:0, instance:testing_Practices.LoginTest@f79e]" started-at="2022-08-23T13:04:39 IST" name="setUp" finished-at="2022-08-23T13:04:41 IST" duration-ms="2128" status="PASS">
          <reporter-output>
          </reporter-output>
        </test-method> <!-- setUp -->
        <test-method signature="WebLoginPersonalLoan()[pri:1, instance:testing_Practices.LoginTest@f79e]" started-at="2022-08-23T13:04:41 IST" name="WebLoginPersonalLoan" description="Open The testing page-LoginTest " finished-at="2022-08-23T13:04:50 IST" duration-ms="8793" status="PASS">
          <reporter-output>
          </reporter-output>
        </test-method> <!-- WebLoginPersonalLoan -->
        <test-method is-config="true" signature="tearDown()[pri:0, instance:testing_Practices.LoginTest@f79e]" started-at="2022-08-23T13:04:50 IST" name="tearDown" finished-at="2022-08-23T13:04:51 IST" duration-ms="609" status="PASS">
          <reporter-output>
          </reporter-output>
        </test-method> <!-- tearDown -->
        <test-method is-config="true" signature="setUp()[pri:0, instance:testing_Practices.LoginTest@f79e]" started-at="2022-08-23T13:04:51 IST" name="setUp" finished-at="2022-08-23T13:04:52 IST" duration-ms="1283" status="PASS">
          <reporter-output>
          </reporter-output>
        </test-method> <!-- setUp -->
        <test-method signature="MobileLoginPersonalLoan()[pri:2, instance:testing_Practices.LoginTest@f79e]" started-at="2022-08-23T13:04:52 IST" name="MobileLoginPersonalLoan" description="Open the google Page-LoginTest " finished-at="2022-08-23T13:04:57 IST" duration-ms="4944" status="PASS">
          <reporter-output>
          </reporter-output>
        </test-method> <!-- MobileLoginPersonalLoan -->
        <test-method is-config="true" signature="tearDown()[pri:0, instance:testing_Practices.LoginTest@f79e]" started-at="2022-08-23T13:04:57 IST" name="tearDown" finished-at="2022-08-23T13:04:58 IST" duration-ms="629" status="PASS">
          <reporter-output>
          </reporter-output>
        </test-method> <!-- tearDown -->
      </class> <!-- testing_Practices.LoginTest -->
    </test> <!-- Test -->
  </suite> <!-- Suite -->
</testng-results>
