<?xml version="1.0" encoding="UTF-8"?>
<testsuite xmlns:xsi="http://www.w3.org/2001/XMLSchema-instance" xsi:noNamespaceSchemaLocation="https://maven.apache.org/surefire/maven-surefire-plugin/xsd/surefire-test-report.xsd" name="TestSuite" time="38.623" tests="4" errors="0" skipped="0" failures="0">
  <properties>
[...]
</properties>
  <testcase name="WebLoginPersonalLoan" classname="testing_Practices.LoginTest" time="8.8"/>
  <testcase name="MobileLoginPersonalLoan" classname="testing_Practices.LoginTest" time="4.944"/>
  <testcase name="WebLoginPersonalLoan" classname="testing_Practices.HomePage" time="10.443"/>
  <testcase name="MobileLoginPersonalLoan" classname="testing_Practices.HomePage" time="5.449"/>
</testsuite>