<?xml version="1.0" encoding="UTF-8"?>
<testng-results ignored="0" total="4" passed="4" failed="0" skipped="0">
  <reporter-output>
  </reporter-output>
  <suite started-at="2022-08-23T13:03:36 IST" name="Suite" finished-at="2022-08-23T13:04:18 IST" duration-ms="42051">
    <groups>
    </groups>
    <test started-at="2022-08-23T13:03:36 IST" name="Test" finished-at="2022-08-23T13:04:18 IST" duration-ms="42051">
      <class name="testing_Practices.HomePage">
        <test-method is-config="true" signature="setUp()[pri:0, instance:testing_Practices.HomePage@6283d8b8]" started-at="2022-08-23T13:03:57 IST" name="setUp" finished-at="2022-08-23T13:03:58 IST" duration-ms="1256" status="PASS">
          <reporter-output>
          </reporter-output>
        </test-method> <!-- setUp -->
        <test-method signature="WebLoginPersonalLoan()[pri:1, instance:testing_Practices.HomePage@6283d8b8]" started-at="2022-08-23T13:03:58 IST" name="WebLoginPersonalLoan" description="Open The testing page-HomePage" finished-at="2022-08-23T13:04:09 IST" duration-ms="10434" status="PASS">
          <reporter-output>
          </reporter-output>
        </test-method> <!-- WebLoginPersonalLoan -->
        <test-method is-config="true" signature="tearDown()[pri:0, instance:testing_Practices.HomePage@6283d8b8]" started-at="2022-08-23T13:04:09 IST" name="tearDown" finished-at="2022-08-23T13:04:10 IST" duration-ms="622" status="PASS">
          <reporter-output>
          </reporter-output>
        </test-method> <!-- tearDown -->
        <test-method is-config="true" signature="setUp()[pri:0, instance:testing_Practices.HomePage@6283d8b8]" started-at="2022-08-23T13:04:10 IST" name="setUp" finished-at="2022-08-23T13:04:11 IST" duration-ms="1235" status="PASS">
          <reporter-output>
          </reporter-output>
        </test-method> <!-- setUp -->
        <test-method signature="MobileLoginPersonalLoan()[pri:2, instance:testing_Practices.HomePage@6283d8b8]" started-at="2022-08-23T13:04:11 IST" name="MobileLoginPersonalLoan" description="Open the google Page-HomePage" finished-at="2022-08-23T13:04:17 IST" duration-ms="6298" status="PASS">
          <reporter-output>
          </reporter-output>
        </test-method> <!-- MobileLoginPersonalLoan -->
        <test-method is-config="true" signature="tearDown()[pri:0, instance:testing_Practices.HomePage@6283d8b8]" started-at="2022-08-23T13:04:17 IST" name="tearDown" finished-at="2022-08-23T13:04:18 IST" duration-ms="657" status="PASS">
          <reporter-output>
          </reporter-output>
        </test-method> <!-- tearDown -->
      </class> <!-- testing_Practices.HomePage -->
      <class name="testing_Practices.LoginTest">
        <test-method is-config="true" signature="setUp()[pri:0, instance:testing_Practices.LoginTest@446293d]" started-at="2022-08-23T13:03:36 IST" name="setUp" finished-at="2022-08-23T13:03:38 IST" duration-ms="2552" status="PASS">
          <reporter-output>
          </reporter-output>
        </test-method> <!-- setUp -->
        <test-method signature="WebLoginPersonalLoan()[pri:1, instance:testing_Practices.LoginTest@446293d]" started-at="2022-08-23T13:03:38 IST" name="WebLoginPersonalLoan" description="Open The testing page-LoginTest " finished-at="2022-08-23T13:03:49 IST" duration-ms="10384" status="PASS">
          <reporter-output>
          </reporter-output>
        </test-method> <!-- WebLoginPersonalLoan -->
        <test-method is-config="true" signature="tearDown()[pri:0, instance:testing_Practices.LoginTest@446293d]" started-at="2022-08-23T13:03:49 IST" name="tearDown" finished-at="2022-08-23T13:03:49 IST" duration-ms="602" status="PASS">
          <reporter-output>
          </reporter-output>
        </test-method> <!-- tearDown -->
        <test-method is-config="true" signature="setUp()[pri:0, instance:testing_Practices.LoginTest@446293d]" started-at="2022-08-23T13:03:49 IST" name="setUp" finished-at="2022-08-23T13:03:50 IST" duration-ms="1210" status="PASS">
          <reporter-output>
          </reporter-output>
        </test-method> <!-- setUp -->
        <test-method signature="MobileLoginPersonalLoan()[pri:2, instance:testing_Practices.LoginTest@446293d]" started-at="2022-08-23T13:03:50 IST" name="MobileLoginPersonalLoan" description="Open the google Page-LoginTest " finished-at="2022-08-23T13:03:57 IST" duration-ms="6110" status="PASS">
          <reporter-output>
          </reporter-output>
        </test-method> <!-- MobileLoginPersonalLoan -->
        <test-method is-config="true" signature="tearDown()[pri:0, instance:testing_Practices.LoginTest@446293d]" started-at="2022-08-23T13:03:57 IST" name="tearDown" finished-at="2022-08-23T13:03:57 IST" duration-ms="650" status="PASS">
          <reporter-output>
          </reporter-output>
        </test-method> <!-- tearDown -->
      </class> <!-- testing_Practices.LoginTest -->
    </test> <!-- Test -->
  </suite> <!-- Suite -->
</testng-results>
